2022-01-12 17:22:41,666:INFO:Welcome to csv func
2022-01-12 17:22:41,930:INFO:You're connected to database: ('csvfile_upload',)
2022-01-12 17:22:42,171:INFO:Creating table....
2022-01-12 17:22:42,261:INFO:Table is created....
2022-01-12 17:22:42,269:ERROR:ProgrammingError: 1064 (42000): You have an error in your SQL syntax; check the manual that corresponds to your MySQL server version for the right syntax to use near '1
isHighlight                                                     False
accessio' at line 1
2022-01-12 17:26:51,995:INFO:Welcome to csv func
2022-01-12 17:26:52,436:INFO:You're connected to database: ('csvfile_upload',)
2022-01-12 17:26:52,621:INFO:Creating table....
2022-01-12 17:26:52,695:INFO:Table is created....
2022-01-12 17:26:52,719:ERROR:ProgrammingError: 1064 (42000): You have an error in your SQL syntax; check the manual that corresponds to your MySQL server version for the right syntax to use near '1
isHighlight                                                     False
accessio' at line 1
2022-01-12 17:30:14,519:INFO:Welcome to csv func
2022-01-12 17:30:14,739:INFO:You're connected to database: ('csvfile_upload',)
2022-01-12 17:30:14,899:INFO:Creating table....
2022-01-12 17:30:14,989:INFO:Table is created....
2022-01-12 17:30:15,003:ERROR:ProgrammingError: 1064 (42000): You have an error in your SQL syntax; check the manual that corresponds to your MySQL server version for the right syntax to use near '1
isHighlight                                                     False
accessio' at line 1
2022-01-12 17:33:01,520:INFO:Welcome to csv func
2022-01-12 17:34:04,070:INFO:You're connected to database: ('csvfile_upload',)
2022-01-12 17:34:13,515:INFO:Creating table....
2022-01-12 17:34:19,530:INFO:Table is created....
2022-01-12 17:38:30,737:INFO:Welcome to csv func
2022-01-12 17:38:30,984:INFO:You're connected to database: ('csvfile_upload',)
2022-01-12 17:38:31,149:INFO:Creating table....
2022-01-12 17:38:31,212:INFO:Table is created....
2022-01-12 17:38:31,451:ERROR:DataError: 1406 (22001): Data too long for column 'primaryImage' at row 1
2022-01-12 17:42:40,069:INFO:Welcome to csv func
2022-01-12 17:42:58,415:INFO:You're connected to database: ('csvfile_upload',)
2022-01-12 17:42:59,848:INFO:Creating table....
2022-01-12 17:43:01,456:INFO:Table is created....
2022-01-12 17:43:21,407:ERROR:DataError: 1406 (22001): Data too long for column 'primaryImage' at row 1
2022-01-13 09:15:34,373:ERROR:PermissionError: [Errno 13] Permission denied: 'file.csv'
2022-01-13 09:18:34,108:ERROR:PermissionError: [Errno 13] Permission denied: 'file.csv'
2022-01-13 09:22:27,646:ERROR:UnicodeDecodeError: 'charmap' codec can't decode byte 0x8f in position 22: character maps to <undefined>
2022-01-13 09:24:03,870:INFO:Welcome to csv func
2022-01-13 09:24:04,133:INFO:You're connected to database: ('csvfile_upload',)
2022-01-13 09:24:04,357:INFO:Creating table....
2022-01-13 09:24:04,449:INFO:Table is created....
2022-01-13 09:24:05,085:ERROR:DataError: 1406 (22001): Data too long for column 'primaryImage' at row 1
2022-01-13 09:37:20,631:INFO:Welcome to csv func
2022-01-13 09:37:20,925:INFO:You're connected to database: ('csvfile_upload',)
2022-01-13 09:37:21,152:INFO:Creating table....
2022-01-13 09:37:21,325:INFO:Table is created....
2022-01-13 09:37:21,676:ERROR:DataError: 1406 (22001): Data too long for column 'primaryImage' at row 1
2022-01-13 09:59:26,572:INFO:Welcome to csv func
2022-01-13 09:59:26,830:INFO:You're connected to database: ('csvfile_upload',)
2022-01-13 09:59:26,995:INFO:Creating table....
2022-01-13 09:59:27,068:INFO:Table is created....
2022-01-13 09:59:27,384:ERROR:DataError: 1406 (22001): Data too long for column 'primaryImage' at row 1
2022-01-15 11:57:34,564:INFO:Welcome to csv func
2022-01-15 11:57:34,771:INFO:You're connected to database: ('csvfile_upload',)
2022-01-15 11:57:34,859:INFO:Creating table....
2022-01-15 11:57:34,912:INFO:Table is created....
2022-01-15 11:57:35,149:ERROR:DataError: 1406 (22001): Data too long for column 'primaryImage' at row 1
2022-01-24 15:56:08,286:INFO:Welcome to csv func
2022-01-24 15:56:08,745:INFO:You're connected to database: ('csvfile_upload',)
2022-01-24 15:56:09,175:INFO:Creating table....
2022-01-24 15:56:09,371:INFO:Table is created....
2022-01-24 15:56:09,813:ERROR:DataError: 1406 (22001): Data too long for column 'primaryImage' at row 1
2022-01-26 02:07:02,804:INFO:Welcome to csv func
2022-01-26 02:07:02,970:INFO:You're connected to database: ('csvfile_upload',)
2022-01-26 02:07:03,165:INFO:Creating table....
2022-01-26 02:07:03,231:INFO:Table is created....
2022-01-26 02:07:03,462:ERROR:DataError: 1406 (22001): Data too long for column 'primaryImage' at row 1
2022-01-26 02:10:01,021:INFO:Welcome to csv func
2022-01-26 02:10:01,410:INFO:You're connected to database: ('csvfile_upload',)
2022-01-26 02:10:01,549:INFO:Creating table....
2022-01-26 02:10:01,609:INFO:Table is created....
2022-01-26 02:10:01,900:ERROR:DataError: 1406 (22001): Data too long for column 'primaryImage' at row 1
2022-01-26 15:46:03,685:ERROR:ConnectionAbortedError: [WinError 10053] An established connection was aborted by the software in your host machine
2022-01-26 16:23:05,222:INFO:Welcome to csv func
2022-01-26 16:23:05,507:INFO:You're connected to database: ('csvfile_upload',)
2022-01-26 16:23:05,612:INFO:Creating table....
2022-01-26 16:23:05,666:INFO:Table is created....
2022-01-26 16:23:05,887:ERROR:DataError: 1406 (22001): Data too long for column 'primaryImage' at row 1
2022-01-26 16:23:56,647:INFO:Welcome to csv func
2022-01-26 16:23:56,804:INFO:You're connected to database: ('csvfile_upload',)
2022-01-26 16:23:56,868:INFO:Creating table....
2022-01-26 16:23:56,911:INFO:Table is created....
2022-01-26 16:23:57,147:ERROR:DataError: 1406 (22001): Data too long for column 'primaryImage' at row 1
2022-01-26 16:24:20,172:INFO:Welcome to csv func
2022-01-26 16:24:20,201:INFO:You're connected to database: ('csvfile_upload',)
2022-01-26 16:24:20,229:INFO:Creating table....
2022-01-26 16:24:20,260:INFO:Table is created....
2022-01-26 16:24:20,479:ERROR:DataError: 1406 (22001): Data too long for column 'primaryImage' at row 1
2022-01-26 16:25:02,994:INFO:Welcome to csv func
2022-01-26 16:25:03,066:INFO:You're connected to database: ('csvfile_upload',)
2022-01-26 16:25:03,100:INFO:Creating table....
2022-01-26 16:25:03,135:INFO:Table is created....
2022-01-26 16:25:03,333:ERROR:DataError: 1406 (22001): Data too long for column 'primaryImage' at row 1
2022-01-26 17:51:09,463:INFO:Welcome to csv func
2022-01-26 17:51:09,654:INFO:You're connected to database: ('csvfile_upload',)
2022-01-26 17:51:09,787:INFO:Creating table....
2022-01-26 17:51:09,843:INFO:Table is created....
2022-01-26 17:51:10,147:ERROR:DataError: 1406 (22001): Data too long for column 'primaryImage' at row 1
2022-01-26 17:51:19,472:ERROR:OperationalError: (20002, b'DB-Lib error message 20002, severity 9:\nAdaptive Server connection failed (localhost)\nDB-Lib error message 20002, severity 9:\nAdaptive Server connection failed (localhost)\n')
2022-01-26 17:54:23,517:INFO:Welcome to csv func
2022-01-26 17:54:23,718:INFO:You're connected to database: ('csvfile_upload',)
2022-01-26 17:54:23,852:INFO:Creating table....
2022-01-26 17:54:23,897:INFO:Table is created....
2022-01-26 17:54:24,187:ERROR:DataError: 1406 (22001): Data too long for column 'primaryImage' at row 1
2022-01-26 17:54:30,674:ERROR:OperationalError: (20002, b'DB-Lib error message 20002, severity 9:\nAdaptive Server connection failed (localhost)\nDB-Lib error message 20002, severity 9:\nAdaptive Server connection failed (localhost)\n')
2022-01-26 17:55:46,677:INFO:Welcome to csv func
2022-01-26 17:55:46,899:INFO:You're connected to database: ('csvfile_upload',)
2022-01-26 17:55:46,998:INFO:Creating table....
2022-01-26 17:55:47,055:INFO:Table is created....
2022-01-26 17:55:47,329:ERROR:DataError: 1406 (22001): Data too long for column 'primaryImage' at row 1
2022-01-26 18:10:09,599:INFO:Welcome to csv func
2022-01-26 18:10:09,786:INFO:You're connected to database: ('csvfile_upload',)
2022-01-26 18:10:09,911:INFO:Creating table....
2022-01-26 18:10:09,953:INFO:Table is created....
2022-01-26 18:10:10,210:ERROR:DataError: 1406 (22001): Data too long for column 'primaryImage' at row 1
2022-01-26 18:12:38,766:INFO:Welcome to csv func
2022-01-26 18:12:38,929:INFO:You're connected to database: ('csvfile_upload',)
2022-01-26 18:12:39,034:INFO:Creating table....
2022-01-26 18:12:39,084:INFO:Table is created....
2022-01-26 18:12:39,375:ERROR:DataError: 1406 (22001): Data too long for column 'primaryImage' at row 1
2022-01-26 18:25:58,428:INFO:Welcome to csv func
2022-01-26 18:25:58,600:INFO:You're connected to database: ('csvfile_upload',)
2022-01-26 18:25:58,717:INFO:Creating table....
2022-01-26 18:25:58,764:INFO:Table is created....
2022-01-26 18:25:59,067:ERROR:DataError: 1406 (22001): Data too long for column 'primaryImage' at row 1
2022-01-26 18:26:15,590:INFO:Found credentials in shared credentials file: ~/.aws/credentials
2022-01-26 18:35:02,249:INFO:Welcome to csv func
2022-01-26 18:35:02,411:INFO:You're connected to database: ('csvfile_upload',)
2022-01-26 18:35:02,503:INFO:Creating table....
2022-01-26 18:35:02,544:INFO:Table is created....
2022-01-26 18:35:02,811:ERROR:DataError: 1406 (22001): Data too long for column 'primaryImage' at row 1
2022-01-26 18:35:21,583:INFO:Found credentials in shared credentials file: ~/.aws/credentials
2022-01-26 19:11:24,925:INFO:Welcome to csv func
2022-01-26 19:11:25,247:INFO:You're connected to database: ('csvfile_upload',)
2022-01-26 19:11:25,520:INFO:Creating table....
2022-01-26 19:11:25,668:INFO:Table is created....
2022-01-26 19:11:26,113:ERROR:DataError: 1406 (22001): Data too long for column 'primaryImage' at row 1
2022-01-26 19:11:37,279:INFO:Found credentials in shared credentials file: ~/.aws/credentials
